Log started at 12.12.2021	14:44:17
Number of used processors (NPROC): 16.
Number of mesh partitions (NPART): 16.
Total Physical Memory = 15.89 Gb, Available Physical Memory = 9.02 Gb
Computer name:	FAGGOT
Operating system:	Windows 10 (or higher) (Version 10.0.19043)

SOLIDWORKS 2020 SP4.0
Flow Simulation 2020  x64 / 4995 / MESHER ver. efd_dev.4663_05.07.2019 

Project: C:\Users\Alexander\Desktop\CurstCrawler\CAD files\Crusty crawler 3D\1\1.xmlconfig
Configuration name: Default
Project name: Torque
NGK: OFF
MBO: OFF

Mesh generation started:	12.12.2021	14:44:17
-----------------------------------------------------------------------
Mesher option run = eRunMesherNormal
-----------------------------------------------------------------------
Current CPU = 0 sec
-----------------------------------------------------------------------
Geometries initialization:
-----------------------------------------------------------------------
Loading mesh settings (global/local)...
-----------------------------------------------------------------------
Number of geometries from DB: 1
Geometry(0):
	Guid = {00000000-0000-0000-0000-000000000000}
	Fluid..
	1 Body.
	7 Real bodies.
	-- Bodyset 0 --
		Tolerance=9.09765e-05.
		2257 Face(s).
			2257 of b-spline type.
		0 Face(s) that have no ref faces
		1480 Plane surface(s).
		635 Cylinder surface(s).
		24 Cone surface(s).
		26 Torus surface(s).
		31 B- surface(s).
		61 Revolved surface(s).
		51238 Triangle(s).
		Getting triangle connectivities from DB: 0.004 s
		5493 Edge(s).
			5493 of b-spline type.
		BodyGeom reading: 0.066 s.
		2250 Reference Face(s).
		51168 Reference Triangles.
		Getting triangle connectivities from DB (Ref): 0.004 s
		BodyGeom Ref reading: 0.008 s.
		Getting triangle connectivities from DB (Extra Triangulation): 0.004 s
Geometry(1):
	Solid.
	-- Bodyset 1 --
	Empty
-----------------------------------------------------------------------
Number of geometries in task: 2
Number of bodysets   in task: 2
-----------------------------------------------------------------------
	Making hash and connectivity for Bodyset ...
		CBodyGeom:
		Hash size: {24, 32, 66}.
		Mesh size: {6, 8, 22}.
		Hashing triangles...Ok.
			axis(0) tr sizes: average=134 max=1480
			axis(1) tr sizes: average=123 max=2929
			axis(2) tr sizes: average=245 max=1517
		Number of t-connected sets:7
			(0) size=49996
			(1) size=300 cavity
			(2) size=272 cavity
			(3) size=272 cavity
			(4) size=298 cavity
			(5) size=50 cavity
			(6) size=50 cavity
		Done.
		CBodyGeomRef:
		Hashing triangles...Ok.
			axis(0) tr sizes: average=745 max=2356
			axis(1) tr sizes: average=836 max=3581
			axis(2) tr sizes: average=1582 max=5657
		Done.
	0.0261 s.
Geometries reading and preparing has taken 0.117 s.

Mapped triangles:
Hashing geometries triangles
	Triangles num=51238
	Triangles box={-0.0109116  ,0.119111  ,0.0713943  ,0.225561  ,0.0500837  ,0.618834  }
		3d-hash size is 259920 bytes
Hashing peculiar surfaces triangles
Mapped triangles processed in 0.024 s.
-----------------------------------------------------------------------
Getting sectors:
Number of sectors: 0
-----------------------------------------------------------------------
-----------------------------------------------------------------------

Current CPU = 0 sec

-----------------------------------------------------------------------
Mesh dimensions:
				I[0 ]=6
				I[1 ]=8
				I[2 ]=22

Comp. domain size:
				a[0  ]=-0.0107819
				a[1  ]=0.118982
				a[2  ]=0.0715577
				a[3  ]=0.234922
				a[4  ]=0.0506679
				a[5  ]=0.634915

Fluid calculated			1
Solid calculated			0
-----------------------------------------------------------------------
MESH Build started...
-----------------------------------------------------------------------
Mesh LEVEL = 1
-----------------------------------------------------------------------
Setting regions...OK (0.000 s)
Base mesh info------------------
	2D flag  =0
	Period   =[0, 0, 0]
	Nx=6
		x[0]=-0.0107819
		x[1]=0.0108522
		x[2]=0.0324794
		x[3]=0.0541066
		x[4]=0.0757339
		x[5]=0.0973611
		x[6]=0.118982
	Ny=8
		y[0]=0.0715577
		y[1]=0.0908152
		y[2]=0.110068
		y[3]=0.12932
		y[4]=0.148572
		y[5]=0.170162
		y[6]=0.191751
		y[7]=0.213339
		y[8]=0.234922
	Nz=22
		z[0]=0.0506679
		z[1]=0.0764996
		z[2]=0.102325
		z[3]=0.128151
		z[4]=0.153977
		z[5]=0.179803
		z[6]=0.205629
		z[7]=0.231454
		z[8]=0.25728
		z[9]=0.283106
		z[10]=0.308932
		z[11]=0.334757
		z[12]=0.362045
		z[13]=0.389333
		z[14]=0.416621
		z[15]=0.443908
		z[16]=0.471196
		z[17]=0.498483
		z[18]=0.525771
		z[19]=0.553059
		z[20]=0.580346
		z[21]=0.607634
		z[22]=0.634915
End of base mesh info---------
Input_mesh_settings--------------------------------
Settings 0----------------
	Scope: GLOBAL
	Type:	------MESHER_SETTINGS----------
	RefAllCells           =0
	RefFluidCells         =0
	RefPartCells          =0
	RefSolidCells         =0
	l_SSFR(Capture crit)  =1
	l_curv(Curvature crit)=0
	l_tol(Tolerance crit) =0
	UseChannelRef         =1
	  NCR_method          =0
	  l_NCR               =1
	  N_gap               =5
	  Use d_NCR_min       =0
	  Use d_NCR_max       =0
	IgnoreThinChannelsHeight         =0
	--END_OF_MESHER_SETTINGS-------
End of input mesh settings-------------------------

-----------------------------------------------------------------------
Building geometries:
-----------------------------------------------------------------------
Building body-set (0) of geometry Fluid.0.(0). ...

-----------------------------------------------------------------------
Refining by triangulation...
Refinement input: 1056 bricks
Setting regions...OK (0.000 s)
Refinement result: 2421 bricks (0.024 s)
Refinement input: 2421 bricks
Refinement result: 2421 bricks (0.000 s)
Collecting and processing rays...OK (0.011 s)
Capturing...OK (0.000 s)
Refining by triangulation takes 0.036 s
-----------------------------------------------------------------------

-----------------------------------------------------------------------
Refining peculiar surfaces...
0 surfaces refined
Refining peculiar surfaces takes 0 s
-----------------------------------------------------------------------
Collecting and processing rays...OK (0.000 s)
Capturing...OK (0.000 s)
Collecting and processing rays...OK (0.000 s)
Capturing...OK (0.000 s)
Collecting and processing rays...OK (0.000 s)
Capturing...OK (0.000 s)

-----------------------------------------------------------------------
Base mesh 1 Refining...
Refinement input: 2421 bricks
Refinement result: 2421 bricks (0.000 s)
Collecting and processing rays...OK (0.000 s)
Capturing...OK (0.000 s)
-----------------------------------------------------------------------
Refining channels...
FYI: CNarrowChannelRefiner::RefineChannels_PRLL
Refinement input: 2421 bricks
Setting regions...OK (0.000 s)
Refinement result: 2946 bricks (0.000 s)
Collecting and processing rays...OK (0.000 s)
Capturing...OK (0.000 s)
FYI: m_iteration_count = 0
FYI: level1 statistics:
     level1_cnt_plus[1]=600;		level1_cnt_minus[1]=0
     level1_cnt_plus[2]=0;		level1_cnt_minus[2]=0
     level1_cnt_plus[3]=0;		level1_cnt_minus[3]=0
     level1_cnt_plus[4]=0;		level1_cnt_minus[4]=0
     level1_cnt_plus[5]=0;		level1_cnt_minus[5]=0
     level1_cnt_plus[6]=0;		level1_cnt_minus[6]=0
     level1_cnt_plus[7]=0;		level1_cnt_minus[7]=0
     level1_cnt_plus[8]=0;		level1_cnt_minus[8]=0
     level1_cnt_plus[9]=0;		level1_cnt_minus[9]=0
Refinement input: 2946 bricks
Setting regions...OK (0.000 s)
Refinement result: 2953 bricks (0.000 s)
Collecting and processing rays...OK (0.000 s)
Capturing...OK (0.000 s)
FYI: m_iteration_count = 1
FYI: level1 statistics:
     level1_cnt_plus[1]=608;		level1_cnt_minus[1]=0
     level1_cnt_plus[2]=0;		level1_cnt_minus[2]=0
     level1_cnt_plus[3]=0;		level1_cnt_minus[3]=0
     level1_cnt_plus[4]=0;		level1_cnt_minus[4]=0
     level1_cnt_plus[5]=0;		level1_cnt_minus[5]=0
     level1_cnt_plus[6]=0;		level1_cnt_minus[6]=0
     level1_cnt_plus[7]=0;		level1_cnt_minus[7]=0
     level1_cnt_plus[8]=0;		level1_cnt_minus[8]=0
     level1_cnt_plus[9]=0;		level1_cnt_minus[9]=0
FYI: m_iteration_count = 2
FYI: level1 statistics:
     level1_cnt_plus[1]=608;		level1_cnt_minus[1]=0
     level1_cnt_plus[2]=0;		level1_cnt_minus[2]=0
     level1_cnt_plus[3]=0;		level1_cnt_minus[3]=0
     level1_cnt_plus[4]=0;		level1_cnt_minus[4]=0
     level1_cnt_plus[5]=0;		level1_cnt_minus[5]=0
     level1_cnt_plus[6]=0;		level1_cnt_minus[6]=0
     level1_cnt_plus[7]=0;		level1_cnt_minus[7]=0
     level1_cnt_plus[8]=0;		level1_cnt_minus[8]=0
     level1_cnt_plus[9]=0;		level1_cnt_minus[9]=0
FYI: level1 statistics:
     level1_cnt_plus[1]=608;		level1_cnt_minus[1]=0
     level1_cnt_plus[2]=0;		level1_cnt_minus[2]=0
     level1_cnt_plus[3]=0;		level1_cnt_minus[3]=0
     level1_cnt_plus[4]=0;		level1_cnt_minus[4]=0
     level1_cnt_plus[5]=0;		level1_cnt_minus[5]=0
     level1_cnt_plus[6]=0;		level1_cnt_minus[6]=0
     level1_cnt_plus[7]=0;		level1_cnt_minus[7]=0
     level1_cnt_plus[8]=0;		level1_cnt_minus[8]=0
     level1_cnt_plus[9]=0;		level1_cnt_minus[9]=0

-----------------------------------------------------------------------
U-shapes refinement...
Refinement input: 2953 bricks
Refinement result: 2953 bricks (0.000 s)
Collecting and processing rays...OK (0.000 s)
Capturing...OK (0.000 s)
-----------------------------------------------------------------------

-----------------------------------------------------------------------
Equi Distant Refiner:
Equi Distant Refiner takes 0.00 s
-----------------------------------------------------------------------
Building geometry takes 0.099 s
Geometry Fluid.0.
Total		2953
Partial	697
Fluid		2186
Solid		67
Bad		3

/-Ray Intersection---------------/ Time	0.025 s
Calls			1110
CorrectRay Calls	0



-----------------------------------------------------------------------
Building geometries takes 0.1 s
-----------------------------------------------------------------------

-----------------------------------------------------------------------
PostBuilding geometries:
-----------------------------------------------------------------------
PostBuilding body-set (0) geometry Fluid.0. (0)...
Collecting and processing rays...OK (0.000 s)
Capturing...OK (0.000 s)
PostBuilding geometry takes 0.000 s
Geometry Fluid.0.
Total		2953
Partial	697
Fluid		2186
Solid		67
Bad		3

-----------------------------------------------------------------------
PostBuilding geometries takes 0 s
-----------------------------------------------------------------------
Defect ray count	0
FYI: CNarrowChannelRefiner::RedistributeLevel1_step_1: is finished
FYI: level1 statistics:
     level1_cnt_plus[1]=608;		level1_cnt_minus[1]=0
     level1_cnt_plus[2]=0;		level1_cnt_minus[2]=0
     level1_cnt_plus[3]=0;		level1_cnt_minus[3]=0
     level1_cnt_plus[4]=0;		level1_cnt_minus[4]=0
     level1_cnt_plus[5]=0;		level1_cnt_minus[5]=0
     level1_cnt_plus[6]=0;		level1_cnt_minus[6]=0
     level1_cnt_plus[7]=0;		level1_cnt_minus[7]=0
     level1_cnt_plus[8]=0;		level1_cnt_minus[8]=0
     level1_cnt_plus[9]=0;		level1_cnt_minus[9]=0
FYI: CNarrowChannelRefiner::RedistributeLevel1_step_2: is started
FYI: CNarrowChannelRefiner::RedistributeLevel1_step_2: is finished
FYI: level1 statistics:
     level1_cnt_plus[1]=1085;		level1_cnt_minus[1]=0
     level1_cnt_plus[2]=0;		level1_cnt_minus[2]=0
     level1_cnt_plus[3]=0;		level1_cnt_minus[3]=0
     level1_cnt_plus[4]=0;		level1_cnt_minus[4]=0
     level1_cnt_plus[5]=0;		level1_cnt_minus[5]=0
     level1_cnt_plus[6]=0;		level1_cnt_minus[6]=0
     level1_cnt_plus[7]=0;		level1_cnt_minus[7]=0
     level1_cnt_plus[8]=0;		level1_cnt_minus[8]=0
     level1_cnt_plus[9]=0;		level1_cnt_minus[9]=0
FYI: CNarrowChannelRefiner::RedistributeLevel1_step_3: is started
FYI: CNarrowChannelRefiner::RedistributeLevel1_step_3: is finished
RedistributeLevel1 takes:
FYI: level1 statistics:
     level1_cnt_plus[1]=1085;		level1_cnt_minus[1]=1016
     level1_cnt_plus[2]=0;		level1_cnt_minus[2]=0
     level1_cnt_plus[3]=0;		level1_cnt_minus[3]=0
     level1_cnt_plus[4]=0;		level1_cnt_minus[4]=0
     level1_cnt_plus[5]=0;		level1_cnt_minus[5]=0
     level1_cnt_plus[6]=0;		level1_cnt_minus[6]=0
     level1_cnt_plus[7]=0;		level1_cnt_minus[7]=0
     level1_cnt_plus[8]=0;		level1_cnt_minus[8]=0
     level1_cnt_plus[9]=0;		level1_cnt_minus[9]=0
-----------------------------------------------------------------------
MSH format builder (Iteration 0)
-----------------------------------------------------------------------
Memory Working Set Current = 85.78 Mb, Memory Working Set Peak = 85.78 Mb
Process Threads Number: 37
-----------------------------------------------------------------------
Loading geometries triangulation & x-stacks...OK
x-stacks size = 0.04 Mb
Total bricks count: 2953
-----------------------------------------------------------------------
MSH (Real Geometry) format constructor:
	Getting brick sets...OK (0.000 s)
	Min x-stack xeps = 0.000110786
	D / dh / eps [axis=0] = (0.129763, 0.0108102, 1.08102e-05)
	D / dh / eps [axis=1] = (0.163365, 0.00962615, 9.62615e-06)
	D / dh / eps [axis=2] = (0.584247, 0.0129129, 1.29129e-05)
	Time (xeps): 0.000 s
Level 1
	Set (0)  size: 1084
	Set (0)  time: 0.053 s
	Set (1)  size: 1084
	Set (1)  time: 0.023 s
Level 0
	Set (0)  size: 392
	Set (0)  time: 0.001 s
	Set (1)  size: 393
	Set (1)  time: 0.000 s
Result:
	Bricks number:                        2953

	Memory usage:                         1.294 MB
	Memory usage (per brick):             0.449 KB
	Construction time:                    0.078 s

	Topology features:
	------------------
	- High quality bricks                  95.80 % (2829)
	- Medium quality bricks                 4.20 % (124)
	- Bad quality bricks                    0.00 % (0)
	- Ribs corrected bricks                 0.00 % (0)
	- Points with geom-info (bricks)        5.45 % (161)
	- Points with closest-info (bricks)     0.14 % (4)
	- Triangulated by center (bricks)       5.66 % (167)
	- Facet w-faces mergings (bricks)       0.00 % (0)
	- To refine (bricks)                    0.00 % (0)

-----------------------------------------------------------------------
Memory Working Set Current = 200.01 Mb, Memory Working Set Peak = 200.02 Mb
Process Threads Number: 37
-----------------------------------------------------------------------
-----------------------------------------------------------------------
-----------------------------------------------------------------------
MSH --> BCF format (Iteration 0)...
BCF collector...(remove mode=0)
	Time (alloc counter per brick): 0.000 s
	Brick    count: 2953
	Av.f all count: 3088
	Av.s all count: 1215
	Av.f pid count: 1249
	Av.s pid count: 1149
	Faces fs count: 7476
	Faces ff count: 0
	Faces ss count: 0
	Faces bb count: 0
	Faces fe count: 981
	Faces se count: 76
	Faces fw count: 8533
	Faces af count: 9110
	Faces as count: 2637
	Time (all count): 	0.001 s
	Time (bcf alloc): 	0.001 s
	Time (shifts alloc): 	0.000 s
	Time (shifts init): 	0.000 s
	Time (bcf fill): 	0.001 s
	Time (add av to faces): 0.000 s
	Time (add faces to av): 0.001 s
Time (bcf collect): 		0.004 s
	AV checker...
	Time (check av): 	0.000 s
	Subdomain checker...
		Subdomains construction time: 0.000 s.
		Subdomains sort time: 0.000 s.
			Subdomain 0 (geom_ind=0): 3076 av
			Subdomain 1 (geom_ind=0): 4 av
			Subdomain 2 (geom_ind=0): 4 av
			Subdomain 3 (geom_ind=0): 4 av
			Subdomain 4 (geom_ind=1): 1207 av
			Subdomain 5 (geom_ind=1): 4 av
			Subdomain 6 (geom_ind=1): 4 av
		gi: 0, subdomains: 4, real bodies: 7
			WARNING! Number of subdomains less than real bodies count.
		gi: 1, subdomains: 3, real bodies: 0
		Defect subdomains: 0
	Time (check subdoms): 	0.001 s
Time (bcf iteration total): 	0.005 s
	Time (fw-nb): 		0.001 s
	Fixed mutual fw-nb:     8431 (bb: 0)
	Time (fw-nb mutual): 	0.001 s
	Time (fw-nb sort): 	0.000 s
	Fw-opt BEFORE total:    8533 (fs=7476, ff=0, ss=0)
	Fw-opt AFTER  total:    7793 (fs=6736, ff=0, ss=0, failed fw/br=42/8, big_curv=214, big_poly=0)
	Fw-opt RESULT:          740 (res/(fs+ff+ss) = 9.90 %)
	Time (fw-opt): 		0.000 s
	Time (fw-re-order): 	0.001 s
	Time (fw-nb): 		0.007 s
	Fixed mutual fw-nb:     15400 (bb: 0)
	Time (fw-nb mutual): 	0.001 s
	Time (fw-nb sort): 	0.000 s
	Time (rfd fix): 	0.000 s
	Time (av convexity): 	0.000 s
	Time (av small volume): 0.000 s
	Time (diagonal fw-nb): 	0.008 s
	Fixed mutual fw-nb:     0 (bb: 0)
	Time (fw-nb mutual): 	0.001 s
	Time (fw-nb sort): 	0.000 s
	Fluid subdomains: 4
	Faces fw-nb diff sd:    0
	Time (fw-nb diff sd): 	0.000 s
Time (bcf calc): 		0.022 s
-----------------------------------------------------------------------
Time (bcf total): 		0.027 s
-----------------------------------------------------------------------
-----------------------------------------------------------------------
Mega-cv constructor for fluid...
	 9 av's is treated as thin
Relative size generator (threshold = 0.05)...
	Iteration 1 (small cluster count = 145)
	Iteration 2 (small cluster count = 77)
	Iteration 3 (small cluster count = 22)
	Iteration 4 (small cluster count = 2)
	Iteration 5 (small cluster count = 0)
	 137 mega-cv's generated
	 1 mega-cv's removed
	 in 8 clusters criterion was not achieved
Relative size generator is completed OK (0.001 s)
Apply fa-rules to mega-cv clusters fixes...
OK (0.000 s)
Convert clusters:
	 136 mega-cv's total
Mega-cv count: 136
Time (mega-cv fill): 	0.000 s
Time (mega-cv total): 	0.004 s
-----------------------------------------------------------------------
Mixing plane rotation regions: NO.
Sliding mesh rotation regions: NO.
Fluid/fluid faces: NO.
----------------------------------------------------------
BCF --> BCF.GEOMSUBDOM (bridge arrays):
MESH (0):
	Fluid Subdom Constructor: 4 subdom(s).
	Solid Subdom Constructor: 3 subdom(s).
	Net Asm Subdom Constructor: 0 subdom(s).
	GEOMSUBDOM (0): gi=0 fluid av=3076 cv=2943 fa=9098 fb=0 fw=7660 V=1.183953e-02
	Cache data...OK
	GEOMSUBDOM (1): gi=0 fluid av=4 cv=2 fa=4 fb=0 fw=23 V=4.663073e-09
	Cache data...OK
	GEOMSUBDOM (2): gi=0 fluid av=4 cv=1 fa=4 fb=0 fw=17 V=1.046411e-09
	Cache data...OK
	GEOMSUBDOM (3): gi=0 fluid av=4 cv=1 fa=4 fb=0 fw=17 V=1.004380e-09
	Cache data...OK
	GEOMSUBDOM (4): gi=1 solid av=1207 cv=1207 fa=2629 fb=0 fw=6780 V=5.457724e-04
	Cache data...OK
	GEOMSUBDOM (5): gi=1 solid av=4 cv=4 fa=4 fb=0 fw=16 V=9.399366e-09
	Cache data...OK
	GEOMSUBDOM (6): gi=1 solid av=4 cv=4 fa=4 fb=0 fw=16 V=9.325461e-09
	Cache data...OK
	Setting nb of w-faces...OK (0.002 s).
	Correcting nb of w-faces...
	Time(correct_fw_nb)=0.001 s

MESH (0) checking:
	GEOMSUBDOM (0):fa_s=1.7357320385001986 fb_s=0.0000000000000000 fw_s=0.5619372710857164 fw_nb=86878
	              :d_const(1016)=3.3798e-11 d_linear(1024)=1.57238e-10
	GEOMSUBDOM (1):fa_s=0.0000060530383109 fb_s=0.0000000000000000 fw_s=0.0000304926053349 fw_nb=224
	              :d_const(1)=6.32381e-17 d_linear(0)=5.81175e-14
	GEOMSUBDOM (2):fa_s=0.0000020507254189 fb_s=0.0000000000000000 fw_s=0.0000076886460817 fw_nb=156
	              :d_const(0)=4.77654e-17 d_linear(0)=4.48605e-14
	GEOMSUBDOM (3):fa_s=0.0000020047595913 fb_s=0.0000000000000000 fw_s=0.0000074389356031 fw_nb=156
	              :d_const(0)=3.18959e-17 d_linear(0)=4.36494e-14
	GEOMSUBDOM (4):fa_s=0.1397650251417809 fb_s=0.0000000000000000 fw_s=0.1885749921110472 fw_nb=79560
	              :d_const(532)=1.35671e-10 d_linear(532)=8.36692e-10
	GEOMSUBDOM (5):fa_s=0.0000175674987557 fb_s=0.0000000000000000 fw_s=0.0000367104537041 fw_nb=130
	              :d_const(3)=1.14605e-16 d_linear(2)=5.70555e-11
	GEOMSUBDOM (6):fa_s=0.0000160916738491 fb_s=0.0000000000000000 fw_s=0.0000339686271799 fw_nb=130
	              :d_const(1)=1.09428e-16 d_linear(1)=1.31449e-10
MESH (0) checking: OK.
Time (MDS): 	0.007 s
----------------------------------------------------------

-----------------------------------------------------------------------
BCF CHECKSUM DATA (Mesh 0):

WARNING! 7 w-face(s) without RefFacesData.
BRICK |Level1| Sum:               2101
FACE_A Area Sum:   G.Fluid        1.7357421470235199
FACE_A Area Sum:   G.Solid        0.1397986843143856
FACE_W Area Sum:                  0.5677723931255446
FACE_W Nb   Sum:                  87844
FACE_W min curvatures sum:        -511990.57309594
FACE_W max curvatures sum:        705588.59055003
AV Max Disbalance(Const) :        1.35671e-10 (cid=1050, t={7, 5, 8}, avid=3608, pid=484)
AV Max Disbalance(Linear):        8.36692e-10 (cid=1050, t={7, 5, 8}, avid=3608, pid=484)
-----------------------------------------------------------------------


-----------------------------------------------------------------------
MESHER TOPOLOGY DATA:

BRICKS: Total                 2953
BRICKS: 1-CV                  1905
BRICKS: 2-CV                  791
BRICKS: 3-CV                  217
BRICKS: 4-CV                  36
BRICKS: 5-CV                  3
BRICKS: 6-CV                  1
BRICKS: Bad                   0

AV:     G.Total               4303
AV:     G.Fluid               3088
AV:     G.Solid               1215

AV:     G.Fluid Thin Profile    2.72 % (84)
AV:     G.Solid Thin Profile   15.23 % (185)

AV:     G.Fluid Thin For Mega   0.29 % (9)
AV:     G.Solid Thin For Mega   5.84 % (71)

AV:     G.Fluid Non-Convex     25.91 % (800)
AV:     G.Solid Non-Convex     50.29 % (611)

AV:     G.Fluid Non-Ess-Convex     25.32 % (782)
AV:     G.Solid Non-Ess-Convex     45.76 % (556)

FACE_A: G.Fluid          (af) 9110 (partially opened 2654)
FACE_A: G.Solid          (as) 2637 (partially opened 2242)

FACE_B: G.Total          (b)  0

FACE_W: G.Total                 7793        Brick/Bound
FACE_W: G.Fluid/Solid    (fs_g) 6736        0           
FACE_W: G.Fluid/Fluid    (ff_g) 0           0           
FACE_W: G.Solid/Solid    (ss_g) 0           0           
FACE_W: G.Fluid/External (fe_g) 981
FACE_W: G.Solid/External (se_g) 76

AV/CV max fa count (on brick side):5
AV/CV max fw count:                5
AV/CV max fb count:                0
AV/CV max fw poly count:           54

MEMORY: Total                   2.849 MB
MEMORY: Per Brick               0.988 KB
-----------------------------------------------------------------------

-----------------------------------------------------------------------
Connectivities information:
	Number of conns: 0
-----------------------------------------------------------------------
	Time (gap size): 	0.013 s
-----------------------------------------------------------------------
Calculating curvature and tolerance criteria...
Curvature: min=0 max=3.14159
Tolerance: min=0 max=0.0136438
Calculating curvature and tolerance criteria takes 0.109 s
-----------------------------------------------------------------------
MESH Build(FS) finished. Time=0.421 s
-----------------------------------------------------------------------
Current CPU = 1 sec

Nx=6
Ny=8
Nz=22
Max BRICK Level=1
Mesh Level=1
-----------------CModelBodies2MeshMapper::CollectData started -------------------------------
-----------------CModelBodies2MeshMapper Report -------------------------------
FluidDomains 4 SolidDomains 3 VoidDomains 0 
Domains RefIndexes
Domain 0, Index count 1375
Domain 1, Index count 6
Domain 2, Index count 3
Domain 3, Index count 3
Domain 4, Index count 1385
Domain 5, Index count 4
Domain 6, Index count 4
----------------- -------------------------------
	ModelBodies
Total resolved Bodies 0 BodySets 0

--------------------------------------------------------------------------
	Positive geometry Bodies
Total resolved Bodies 4 BodySets 4
Unresolved Bodies: 3
	#0 	Name:  	ID: 0e0b1abf-d123-4787-ad0b-9288149713c6	gi 0	gt 0
	#1 	Name:  	ID: 8579d45a-b836-4f08-8478-33cd7d7c2fbe	gi 0	gt 0
	#2 	Name:  	ID: d40b1422-5502-4587-98ec-6bcfc986028a	gi 0	gt 0
BodySet 0
	Bodies list:
			#0	Name: ;	ID: 0c32131b-37b9-4ea6-8aeb-d77a02c8c51b
	Domains list:		 0 
BodySet 1
	Bodies list:
			#0	Name: ;	ID: 2697b6e4-3c12-465a-9f14-1e42d6a6093f
	Domains list:		 1 
BodySet 2
	Bodies list:
			#0	Name: ;	ID: e247692b-609f-4788-b3f3-df460a024aea
	Domains list:		 2 
BodySet 3
	Bodies list:
			#0	Name: ;	ID: b0f4e4d8-434e-48af-9e72-710bcf1f138d
	Domains list:		 3 

--------------------------------------------------------------------------
	Fluid regions
Total resolved Bodies 7 BodySets 1
BodySet 0	Material: Air; 
	Bodies list:
			#0	Name: ;	ID: 0c32131b-37b9-4ea6-8aeb-d77a02c8c51b
			#1	Name: ;	ID: 2697b6e4-3c12-465a-9f14-1e42d6a6093f
			#2	Name: ;	ID: e247692b-609f-4788-b3f3-df460a024aea
			#3	Name: ;	ID: b0f4e4d8-434e-48af-9e72-710bcf1f138d
			#4	Name: ;	ID: 0e0b1abf-d123-4787-ad0b-9288149713c6
			#5	Name: ;	ID: 8579d45a-b836-4f08-8478-33cd7d7c2fbe
			#6	Name: ;	ID: d40b1422-5502-4587-98ec-6bcfc986028a
	Domains list:		 0 		 1 		 2 		 3 

--------------------------------------------------------------------------
-----------------CModelBodies2MeshMapper::CollectData finished successfully-------------------
Saving initial mesh in: C:\Users\Alexander\Desktop\CurstCrawler\CAD files\Crusty crawler 3D\1\1.fld .
Storing results...
Estimated CPT size=1.397 MB.
	Time (write bcf): 0.069 s
OK
-----------------------------------------------------------------------
Memory Working Set Current = 162.78 Mb, Memory Working Set Peak = 200.60 Mb
Process Threads Number: 37
-----------------------------------------------------------------------
Cleaning memory...
		Time (free xsl):                    	0.000 s
Free Geometry DB takes 0.000 s
	Time (free bcf): 	0.003 s
		Time (free bcf mesh):               	0.006 s
	Time (free mesher data):              	0.014 s
Copying... OK
Mesh generation normally finished at	12.12.2021	14:44:18
Mesher CPU = 1 sec
Mesher is finished at	12.12.2021	14:44:18
-----------------------------------------------------------------------
Memory Working Set Current = 111.30 Mb, Memory Working Set Peak = 200.60 Mb
Process Threads Number: 37
-----------------------------------------------------------------------
Algebra Pool      : mem_usage = 0.12 Mb, allocated count = 0
Log ended at 12.12.2021	14:44:18
